[19:04:39] [ServerMain/INFO]: [bootstrap] Running Java 21 (OpenJDK 64-Bit Server VM 21.0.4+7-LTS; Azul Systems, Inc. Zulu21.36+17-CA) on Windows 11 10.0 (amd64)
[19:04:39] [ServerMain/INFO]: [bootstrap] Loading Paper 1.21.1-131-ver/1.21.1@84281ce (2024-10-31T17:43:44Z) for Minecraft 1.21.1
[19:04:40] [ServerMain/INFO]: [PluginInitializerManager] Initializing plugins...
[19:04:41] [ServerMain/INFO]: [PluginInitializerManager] Initialized 1 plugin
[19:04:41] [ServerMain/INFO]: [PluginInitializerManager] Paper plugins (1):
 - SurvivalPlus (1.0)
[19:04:44] [ServerMain/INFO]: Environment: Environment[sessionHost=https://sessionserver.mojang.com, servicesHost=https://api.minecraftservices.com, name=PROD]
[19:04:47] [ServerMain/INFO]: Loaded 1290 recipes
[19:04:48] [ServerMain/INFO]: Loaded 1399 advancements
[19:04:48] [Server thread/INFO]: Starting minecraft server version 1.21.1
[19:04:48] [Server thread/INFO]: Loading properties
[19:04:48] [Server thread/INFO]: This server is running Paper version 1.21.1-131-ver/1.21.1@84281ce (2024-10-31T17:43:44Z) (Implementing API version 1.21.1-R0.1-SNAPSHOT)
[19:04:49] [Server thread/INFO]: [spark] This server bundles the spark profiler. For more information please visit https://docs.papermc.io/paper/profiling
[19:04:49] [Server thread/INFO]: Server Ping Player Sample Count: 12
[19:04:49] [Server thread/INFO]: Using 4 threads for Netty based IO
[19:04:50] [Server thread/INFO]: [ChunkTaskScheduler] Chunk system is using 1 I/O threads, 5 worker threads, and population gen parallelism of 5 threads
[19:04:51] [Server thread/INFO]: Default game type: SURVIVAL
[19:04:51] [Server thread/INFO]: Generating keypair
[19:04:51] [Server thread/INFO]: Starting Minecraft server on *:25565
[19:04:51] [Server thread/INFO]: Using default channel type
[19:04:51] [Server thread/INFO]: Paper: Using Java compression from Velocity.
[19:04:51] [Server thread/INFO]: Paper: Using Java cipher from Velocity.
[19:04:51] [Server thread/INFO]: [SurvivalPlus] Loading server plugin SurvivalPlus v1.0
[19:04:51] [Server thread/INFO]: Server permissions file permissions.yml is empty, ignoring it
[19:04:51] [Server thread/INFO]: Preparing level "world"
[19:04:52] [Server thread/INFO]: Preparing start region for dimension minecraft:overworld
[19:04:53] [Server thread/INFO]: Time elapsed: 1401 ms
[19:04:53] [Server thread/INFO]: Preparing start region for dimension minecraft:the_nether
[19:04:53] [Server thread/INFO]: Time elapsed: 141 ms
[19:04:53] [Server thread/INFO]: Preparing start region for dimension minecraft:the_end
[19:04:53] [Server thread/INFO]: Time elapsed: 157 ms
[19:04:53] [Server thread/INFO]: [SurvivalPlus] Enabling SurvivalPlus v1.0
[19:04:54] [Server thread/INFO]: [SurvivalPlus] Plugin Enabled!
[19:04:54] [Server thread/INFO]: [spark] Starting background profiler...
[19:04:54] [Server thread/INFO]: [spark] The async-profiler engine is not supported for your os/arch (windows11/amd64), so the built-in Java engine will be used instead.
[19:04:54] [Server thread/INFO]: Done preparing level "world" (3.241s)
[19:04:54] [Server thread/INFO]: Running delayed init tasks
[19:04:54] [Server thread/INFO]: Done (15.538s)! For help, type "help"
[19:04:54] [Server thread/INFO]: Timings Reset
[19:05:35] [User Authenticator #0/INFO]: UUID of player ktCiro is 688d6ea8-6f70-44e7-815e-064b3ed1860b
[19:05:36] [Server thread/INFO]: [+] Look sharp! ktCiro has joined the ranks!
[19:05:36] [Server thread/INFO]: ktCiro[/127.0.0.1:52052] logged in with entity id 119 at ([world]-26.912710012891942, 72.0, 69.63636926860558)
[19:06:04] [Server thread/INFO]: ktCiro lost connection: Disconnected
[19:06:04] [Server thread/INFO]: [-] ktCiro has logged off. A brave soul gone for now!
[19:06:06] [User Authenticator #0/INFO]: UUID of player ktCiro is 688d6ea8-6f70-44e7-815e-064b3ed1860b
[19:06:06] [Server thread/INFO]: [+] ktCiro has stormed into the server!
[19:06:06] [Server thread/INFO]: ktCiro[/127.0.0.1:52112] logged in with entity id 249 at ([world]9.028310374649802, 70.0, 78.28551304993825)
